<?xml version="1.0" encoding="UTF-8"?>
<testsuite xmlns:xsi="http://www.w3.org/2001/XMLSchema-instance" xsi:noNamespaceSchemaLocation="https://maven.apache.org/surefire/maven-surefire-plugin/xsd/surefire-test-report-3.0.xsd" version="3.0" name="com.threadpool.PriorityPoolTest" time="1.437" tests="3" errors="0" skipped="0" failures="0">
  <properties>
[...]
</properties>
  <testcase name="highPriorityFirstSingleWorker" classname="com.threadpool.PriorityPoolTest" time="0.715">
    <system-out><![CDATA[Priority order: [HIGH-1, HIGH-2, HIGH-3, LOW-1, LOW-2, LOW-3]
]]></system-out>
  </testcase>
  <testcase name="fifoWithinSamePriority" classname="com.threadpool.PriorityPoolTest" time="0.712">
    <system-out><![CDATA[Same-priority order: [1, 2, 3, 4, 5]
]]></system-out>
  </testcase>
  <testcase name="allTasksCompleteWithPriority" classname="com.threadpool.PriorityPoolTest" time="0.004"/>
</testsuite>